{
  "stats": {
    "suites": 18,
    "tests": 45,
    "passes": 40,
    "pending": 0,
    "failures": 5,
    "start": "2020-06-18T20:20:52.201Z",
    "end": "2020-06-18T20:24:47.738Z",
    "duration": 235537,
    "testsRegistered": 45,
    "passPercent": 88.88888888888889,
    "pendingPercent": 0,
    "other": 0,
    "hasOther": false,
    "skipped": 0,
    "hasSkipped": false
  },
  "results": [
    {
      "uuid": "47d4fa74-df9f-4734-8696-36c4b33e6295",
      "title": "",
      "fullFile": "",
      "file": "",
      "beforeHooks": [],
      "afterHooks": [],
      "tests": [],
      "suites": [
        {
          "uuid": "84a05030-500b-44b3-98ab-c341cd96e098",
          "title": "O _header_ deve conter as informações da pessoa jogadora",
          "fullFile": "",
          "file": "",
          "beforeHooks": [],
          "afterHooks": [],
          "tests": [
            {
              "title": "a imagem do Gravatar está presente no header",
              "fullTitle": "O _header_ deve conter as informações da pessoa jogadora a imagem do Gravatar está presente no header",
              "timedOut": null,
              "duration": 5641,
              "state": "passed",
              "speed": "slow",
              "pass": true,
              "fail": false,
              "pending": false,
              "context": null,
              "code": "cy.get(HEADER_IMAGE_SELECTOR).should('exist');",
              "err": {},
              "uuid": "bf78dc54-9112-4b6b-ba22-08079e6c3a27",
              "parentUUID": "84a05030-500b-44b3-98ab-c341cd96e098",
              "isHook": false,
              "skipped": false
            },
            {
              "title": "o nome da pessoa está presente no header",
              "fullTitle": "O _header_ deve conter as informações da pessoa jogadora o nome da pessoa está presente no header",
              "timedOut": null,
              "duration": 3726,
              "state": "passed",
              "speed": "slow",
              "pass": true,
              "fail": false,
              "pending": false,
              "context": null,
              "code": "cy.get(HEADER_NAME_SELECTOR).contains(name);",
              "err": {},
              "uuid": "08712d17-14c8-4fc4-ad1c-9cd778ec1566",
              "parentUUID": "84a05030-500b-44b3-98ab-c341cd96e098",
              "isHook": false,
              "skipped": false
            },
            {
              "title": "o placar zerado está presente no header",
              "fullTitle": "O _header_ deve conter as informações da pessoa jogadora o placar zerado está presente no header",
              "timedOut": null,
              "duration": 2762,
              "state": "passed",
              "speed": "slow",
              "pass": true,
              "fail": false,
              "pending": false,
              "context": null,
              "code": "cy.get(HEADER_SCORE_SELECTOR).contains('0');",
              "err": {},
              "uuid": "3b451424-5bbe-4c37-a975-7e1aa06f4086",
              "parentUUID": "84a05030-500b-44b3-98ab-c341cd96e098",
              "isHook": false,
              "skipped": false
            }
          ],
          "suites": [],
          "passes": [
            "bf78dc54-9112-4b6b-ba22-08079e6c3a27",
            "08712d17-14c8-4fc4-ad1c-9cd778ec1566",
            "3b451424-5bbe-4c37-a975-7e1aa06f4086"
          ],
          "failures": [],
          "pending": [],
          "skipped": [],
          "duration": 12129,
          "root": false,
          "rootEmpty": false,
          "_timeout": 2000
        },
        {
          "uuid": "a5b54d95-fecb-4d85-8639-4e251c8b4c88",
          "title": "A página deve conter as informações relacionadas à pergunta",
          "fullFile": "",
          "file": "",
          "beforeHooks": [],
          "afterHooks": [],
          "tests": [
            {
              "title": "a categoria da pergunta está presente",
              "fullTitle": "A página deve conter as informações relacionadas à pergunta a categoria da pergunta está presente",
              "timedOut": null,
              "duration": 2816,
              "state": "passed",
              "speed": "slow",
              "pass": true,
              "fail": false,
              "pending": false,
              "context": null,
              "code": "cy.get(QUESTION_CATEGORY_SELECTOR).should('exist');",
              "err": {},
              "uuid": "bc153cae-da76-4610-b349-abe7e09333ca",
              "parentUUID": "a5b54d95-fecb-4d85-8639-4e251c8b4c88",
              "isHook": false,
              "skipped": false
            },
            {
              "title": "o texto da pergunta está presente",
              "fullTitle": "A página deve conter as informações relacionadas à pergunta o texto da pergunta está presente",
              "timedOut": null,
              "duration": 2743,
              "state": "passed",
              "speed": "slow",
              "pass": true,
              "fail": false,
              "pending": false,
              "context": null,
              "code": "cy.get(QUESTION_TEXT_SELECTOR).should('exist');",
              "err": {},
              "uuid": "48c68d47-4493-44cb-a828-6c6632f929e4",
              "parentUUID": "a5b54d95-fecb-4d85-8639-4e251c8b4c88",
              "isHook": false,
              "skipped": false
            },
            {
              "title": "as alternativas devem estar presentes",
              "fullTitle": "A página deve conter as informações relacionadas à pergunta as alternativas devem estar presentes",
              "timedOut": null,
              "duration": 3019,
              "state": "passed",
              "speed": "slow",
              "pass": true,
              "fail": false,
              "pending": false,
              "context": null,
              "code": "cy.get(CORRECT_ALTERNATIVE_SELECTOR).should('exist');\ncy.get(WRONG_ALTERNATIVES_SELECTOR).should('exist');",
              "err": {},
              "uuid": "d43873a6-2d8d-4223-b0e0-c59dc477de3f",
              "parentUUID": "a5b54d95-fecb-4d85-8639-4e251c8b4c88",
              "isHook": false,
              "skipped": false
            }
          ],
          "suites": [],
          "passes": [
            "bc153cae-da76-4610-b349-abe7e09333ca",
            "48c68d47-4493-44cb-a828-6c6632f929e4",
            "d43873a6-2d8d-4223-b0e0-c59dc477de3f"
          ],
          "failures": [],
          "pending": [],
          "skipped": [],
          "duration": 8578,
          "root": false,
          "rootEmpty": false,
          "_timeout": 2000
        },
        {
          "uuid": "a9689031-edc5-4582-9d7b-8d923b1fa8b3",
          "title": "Só deve ser possível escolher uma resposta correta por pergunta",
          "fullFile": "",
          "file": "",
          "beforeHooks": [],
          "afterHooks": [],
          "tests": [
            {
              "title": "a quantidade de respostas corretas deve ser 1",
              "fullTitle": "Só deve ser possível escolher uma resposta correta por pergunta a quantidade de respostas corretas deve ser 1",
              "timedOut": null,
              "duration": 3661,
              "state": "passed",
              "speed": "slow",
              "pass": true,
              "fail": false,
              "pending": false,
              "context": null,
              "code": "cy.get(CORRECT_ALTERNATIVE_SELECTOR).should('have.length', 1);",
              "err": {},
              "uuid": "bbfed049-f466-46a4-9d6c-85764bc55c19",
              "parentUUID": "a9689031-edc5-4582-9d7b-8d923b1fa8b3",
              "isHook": false,
              "skipped": false
            }
          ],
          "suites": [],
          "passes": [
            "bbfed049-f466-46a4-9d6c-85764bc55c19"
          ],
          "failures": [],
          "pending": [],
          "skipped": [],
          "duration": 3661,
          "root": false,
          "rootEmpty": false,
          "_timeout": 2000
        },
        {
          "uuid": "5d0551d0-e614-4af4-8864-68416c40a611",
          "title": "Ao clicar em uma resposta, a resposta correta deve ficar verde e as incorretas, vermelhas",
          "fullFile": "",
          "file": "",
          "beforeHooks": [],
          "afterHooks": [],
          "tests": [
            {
              "title": "verifica cor da alternativa correta quando acerta a questão",
              "fullTitle": "Ao clicar em uma resposta, a resposta correta deve ficar verde e as incorretas, vermelhas verifica cor da alternativa correta quando acerta a questão",
              "timedOut": null,
              "duration": 3090,
              "state": "passed",
              "speed": "slow",
              "pass": true,
              "fail": false,
              "pending": false,
              "context": null,
              "code": "cy.get(CORRECT_ALTERNATIVE_SELECTOR).click();\ncy.get(CORRECT_ALTERNATIVE_SELECTOR).should('have.css', 'border', '3px solid rgb(6, 240, 15)');",
              "err": {},
              "uuid": "e32b190c-6c37-43f7-a701-388d025d9301",
              "parentUUID": "5d0551d0-e614-4af4-8864-68416c40a611",
              "isHook": false,
              "skipped": false
            },
            {
              "title": "verifica a cor das alternativas incorretas quando acerta a questão",
              "fullTitle": "Ao clicar em uma resposta, a resposta correta deve ficar verde e as incorretas, vermelhas verifica a cor das alternativas incorretas quando acerta a questão",
              "timedOut": null,
              "duration": 2923,
              "state": "passed",
              "speed": "slow",
              "pass": true,
              "fail": false,
              "pending": false,
              "context": null,
              "code": "cy.get(CORRECT_ALTERNATIVE_SELECTOR).click();\ncy.get(WRONG_ALTERNATIVES_SELECTOR).should('have.css', 'border', '3px solid rgb(255, 0, 0)');",
              "err": {},
              "uuid": "fefc8751-9e84-4087-92fc-f356b155b8b3",
              "parentUUID": "5d0551d0-e614-4af4-8864-68416c40a611",
              "isHook": false,
              "skipped": false
            },
            {
              "title": "verifica cor da alternativa correta quando erra a questão",
              "fullTitle": "Ao clicar em uma resposta, a resposta correta deve ficar verde e as incorretas, vermelhas verifica cor da alternativa correta quando erra a questão",
              "timedOut": null,
              "duration": 2896,
              "state": "passed",
              "speed": "slow",
              "pass": true,
              "fail": false,
              "pending": false,
              "context": null,
              "code": "cy.get(WRONG_ALTERNATIVES_SELECTOR).first().click();\ncy.get(CORRECT_ALTERNATIVE_SELECTOR).should('have.css', 'border', '3px solid rgb(6, 240, 15)');",
              "err": {},
              "uuid": "eb5fd229-2cc8-46f1-8b30-1794546ad2e8",
              "parentUUID": "5d0551d0-e614-4af4-8864-68416c40a611",
              "isHook": false,
              "skipped": false
            },
            {
              "title": "verifica a cor das alternativas incorretas quando erra a questão",
              "fullTitle": "Ao clicar em uma resposta, a resposta correta deve ficar verde e as incorretas, vermelhas verifica a cor das alternativas incorretas quando erra a questão",
              "timedOut": null,
              "duration": 2808,
              "state": "passed",
              "speed": "slow",
              "pass": true,
              "fail": false,
              "pending": false,
              "context": null,
              "code": "cy.get(WRONG_ALTERNATIVES_SELECTOR).first().click();\ncy.get(WRONG_ALTERNATIVES_SELECTOR).should('have.css', 'border', '3px solid rgb(255, 0, 0)');",
              "err": {},
              "uuid": "eb631b0f-e511-4536-bbc7-c5c33944b6ed",
              "parentUUID": "5d0551d0-e614-4af4-8864-68416c40a611",
              "isHook": false,
              "skipped": false
            }
          ],
          "suites": [],
          "passes": [
            "e32b190c-6c37-43f7-a701-388d025d9301",
            "fefc8751-9e84-4087-92fc-f356b155b8b3",
            "eb5fd229-2cc8-46f1-8b30-1794546ad2e8",
            "eb631b0f-e511-4536-bbc7-c5c33944b6ed"
          ],
          "failures": [],
          "pending": [],
          "skipped": [],
          "duration": 11717,
          "root": false,
          "rootEmpty": false,
          "_timeout": 2000
        },
        {
          "uuid": "23e9346e-ce4c-4ac9-8f27-6f54cd0d58c3",
          "title": "A pessoa que joga tem 30 segundos para responder cada pergunta",
          "fullFile": "",
          "file": "",
          "beforeHooks": [],
          "afterHooks": [],
          "tests": [
            {
              "title": "aguarda 5 segundos e responde a alternativa correta",
              "fullTitle": "A pessoa que joga tem 30 segundos para responder cada pergunta aguarda 5 segundos e responde a alternativa correta",
              "timedOut": null,
              "duration": 6385,
              "state": "passed",
              "speed": "slow",
              "pass": true,
              "fail": false,
              "pending": false,
              "context": null,
              "code": "cy.wait(5000);\ncy.get(CORRECT_ALTERNATIVE_SELECTOR).should('not.be.disabled').click();",
              "err": {},
              "uuid": "8e689b28-ca9e-4450-bcb5-6b935f757189",
              "parentUUID": "23e9346e-ce4c-4ac9-8f27-6f54cd0d58c3",
              "isHook": false,
              "skipped": false
            },
            {
              "title": "aguarda mais de 30 segundos para responder",
              "fullTitle": "A pessoa que joga tem 30 segundos para responder cada pergunta aguarda mais de 30 segundos para responder",
              "timedOut": null,
              "duration": 33641,
              "state": "passed",
              "speed": "slow",
              "pass": true,
              "fail": false,
              "pending": false,
              "context": null,
              "code": "cy.wait(32000);\ncy.get(CORRECT_ALTERNATIVE_SELECTOR).should('be.disabled');",
              "err": {},
              "uuid": "2499d64f-3158-4932-8827-20ceb305d76c",
              "parentUUID": "23e9346e-ce4c-4ac9-8f27-6f54cd0d58c3",
              "isHook": false,
              "skipped": false
            }
          ],
          "suites": [],
          "passes": [
            "8e689b28-ca9e-4450-bcb5-6b935f757189",
            "2499d64f-3158-4932-8827-20ceb305d76c"
          ],
          "failures": [],
          "pending": [],
          "skipped": [],
          "duration": 40026,
          "root": false,
          "rootEmpty": false,
          "_timeout": 2000
        },
        {
          "uuid": "14493e37-7d06-438e-b7dc-53b3b40c2271",
          "title": "Ao clicar na resposta correta, pontos devem ser somados no placar da pessoa que está jogando",
          "fullFile": "",
          "file": "",
          "beforeHooks": [],
          "afterHooks": [],
          "tests": [
            {
              "title": "soma pontos ao acertar uma questão",
              "fullTitle": "Ao clicar na resposta correta, pontos devem ser somados no placar da pessoa que está jogando soma pontos ao acertar uma questão",
              "timedOut": null,
              "duration": 3932,
              "state": "failed",
              "speed": null,
              "pass": false,
              "fail": true,
              "pending": false,
              "context": null,
              "code": "var then = JSON.parse(localStorage.getItem(LOCAL_STORAGE_STATE_KEY));\ncy.get(CORRECT_ALTERNATIVE_SELECTOR).click().then(function () {\n  var now = JSON.parse(localStorage.getItem(LOCAL_STORAGE_STATE_KEY));\n  expect(then.player.score).to.be.lt(now.player.score);\n});",
              "err": {
                "message": "TypeError: Cannot read property 'player' of null",
                "estack": "TypeError: Cannot read property 'player' of null\n    at Context.<anonymous> (http://localhost:3000/__cypress/tests?p=cypress/integration/project.spec.js-556:140:19)",
                "diff": null
              },
              "uuid": "c419cb92-b358-43e2-85bb-33bb2ba8e818",
              "parentUUID": "14493e37-7d06-438e-b7dc-53b3b40c2271",
              "isHook": false,
              "skipped": false
            },
            {
              "title": "não soma pontos ao errar uma questão",
              "fullTitle": "Ao clicar na resposta correta, pontos devem ser somados no placar da pessoa que está jogando não soma pontos ao errar uma questão",
              "timedOut": null,
              "duration": 3098,
              "state": "failed",
              "speed": null,
              "pass": false,
              "fail": true,
              "pending": false,
              "context": null,
              "code": "var then = JSON.parse(localStorage.getItem(LOCAL_STORAGE_STATE_KEY));\ncy.get(WRONG_ALTERNATIVES_SELECTOR).first().click().then(function () {\n  var now = JSON.parse(localStorage.getItem(LOCAL_STORAGE_STATE_KEY));\n  expect(then.player.score).to.be.eq(now.player.score);\n});",
              "err": {
                "message": "TypeError: Cannot read property 'player' of null",
                "estack": "TypeError: Cannot read property 'player' of null\n    at Context.<anonymous> (http://localhost:3000/__cypress/tests?p=cypress/integration/project.spec.js-556:147:19)",
                "diff": null
              },
              "uuid": "833c71b3-ac07-402d-81c1-39918a3991a6",
              "parentUUID": "14493e37-7d06-438e-b7dc-53b3b40c2271",
              "isHook": false,
              "skipped": false
            }
          ],
          "suites": [],
          "passes": [],
          "failures": [
            "c419cb92-b358-43e2-85bb-33bb2ba8e818",
            "833c71b3-ac07-402d-81c1-39918a3991a6"
          ],
          "pending": [],
          "skipped": [],
          "duration": 7030,
          "root": false,
          "rootEmpty": false,
          "_timeout": 2000
        },
        {
          "uuid": "4e81e31a-83b4-4e18-a880-a23257a7e01a",
          "title": "Após a resposta ser dada, o botão \"Próxima\" deve aparecer",
          "fullFile": "",
          "file": "",
          "beforeHooks": [],
          "afterHooks": [],
          "tests": [
            {
              "title": "o botão de próxima pergunta não deve ser visível o início do jogo",
              "fullTitle": "Após a resposta ser dada, o botão \"Próxima\" deve aparecer o botão de próxima pergunta não deve ser visível o início do jogo",
              "timedOut": null,
              "duration": 1328,
              "state": "passed",
              "speed": "slow",
              "pass": true,
              "fail": false,
              "pending": false,
              "context": null,
              "code": "cy.get(BUTTON_NEXT_QUESTION_SELECTOR).should('not.be.visible');",
              "err": {},
              "uuid": "2153879c-8f72-4909-90a4-bbe12efcce0a",
              "parentUUID": "4e81e31a-83b4-4e18-a880-a23257a7e01a",
              "isHook": false,
              "skipped": false
            },
            {
              "title": "botão de próxima pergunta é visível quando a pergunta é respondida corretamente",
              "fullTitle": "Após a resposta ser dada, o botão \"Próxima\" deve aparecer botão de próxima pergunta é visível quando a pergunta é respondida corretamente",
              "timedOut": null,
              "duration": 2949,
              "state": "passed",
              "speed": "slow",
              "pass": true,
              "fail": false,
              "pending": false,
              "context": null,
              "code": "cy.get(CORRECT_ALTERNATIVE_SELECTOR).click();\ncy.get(BUTTON_NEXT_QUESTION_SELECTOR).should('be.visible');",
              "err": {},
              "uuid": "2bb0a3f3-46b7-4a52-90c9-0272724043f2",
              "parentUUID": "4e81e31a-83b4-4e18-a880-a23257a7e01a",
              "isHook": false,
              "skipped": false
            },
            {
              "title": "botão de próxima pergunta é visível quando a pergunta é respondida incorretamente",
              "fullTitle": "Após a resposta ser dada, o botão \"Próxima\" deve aparecer botão de próxima pergunta é visível quando a pergunta é respondida incorretamente",
              "timedOut": null,
              "duration": 2834,
              "state": "passed",
              "speed": "slow",
              "pass": true,
              "fail": false,
              "pending": false,
              "context": null,
              "code": "cy.get(WRONG_ALTERNATIVES_SELECTOR).first().click();\ncy.get(BUTTON_NEXT_QUESTION_SELECTOR).should('be.visible');",
              "err": {},
              "uuid": "c60555c6-5467-4213-bf36-5174d226a949",
              "parentUUID": "4e81e31a-83b4-4e18-a880-a23257a7e01a",
              "isHook": false,
              "skipped": false
            }
          ],
          "suites": [],
          "passes": [
            "2153879c-8f72-4909-90a4-bbe12efcce0a",
            "2bb0a3f3-46b7-4a52-90c9-0272724043f2",
            "c60555c6-5467-4213-bf36-5174d226a949"
          ],
          "failures": [],
          "pending": [],
          "skipped": [],
          "duration": 7111,
          "root": false,
          "rootEmpty": false,
          "_timeout": 2000
        },
        {
          "uuid": "d7675d34-74c2-4f61-a26f-54df63cfb489",
          "title": "A pessoa que joga deve responder 5 perguntas no total",
          "fullFile": "",
          "file": "",
          "beforeHooks": [],
          "afterHooks": [],
          "tests": [
            {
              "title": "acerta todas as perguntas",
              "fullTitle": "A pessoa que joga deve responder 5 perguntas no total acerta todas as perguntas",
              "timedOut": null,
              "duration": 4019,
              "state": "failed",
              "speed": null,
              "pass": false,
              "fail": true,
              "pending": false,
              "context": null,
              "code": "var before = JSON.parse(localStorage.getItem(LOCAL_STORAGE_STATE_KEY));\ncy.get(CORRECT_ALTERNATIVE_SELECTOR).click();\ncy.get(BUTTON_NEXT_QUESTION_SELECTOR).click();\ncy.get(CORRECT_ALTERNATIVE_SELECTOR).click();\ncy.get(BUTTON_NEXT_QUESTION_SELECTOR).click();\ncy.get(CORRECT_ALTERNATIVE_SELECTOR).click();\ncy.get(BUTTON_NEXT_QUESTION_SELECTOR).click();\ncy.get(CORRECT_ALTERNATIVE_SELECTOR).click();\ncy.get(BUTTON_NEXT_QUESTION_SELECTOR).click();\ncy.get(CORRECT_ALTERNATIVE_SELECTOR).click().then(function () {\n  var after = JSON.parse(localStorage.getItem(LOCAL_STORAGE_STATE_KEY));\n  expect(before.player.score).to.be.lt(after.player.score);\n});",
              "err": {
                "message": "TypeError: Cannot read property 'player' of null",
                "estack": "TypeError: Cannot read property 'player' of null\n    at Context.<anonymous> (http://localhost:3000/__cypress/tests?p=cypress/integration/project.spec.js-556:191:21)",
                "diff": null
              },
              "uuid": "9c438958-2392-420a-aede-19eec2c5285b",
              "parentUUID": "d7675d34-74c2-4f61-a26f-54df63cfb489",
              "isHook": false,
              "skipped": false
            },
            {
              "title": "erra todas as perguntas",
              "fullTitle": "A pessoa que joga deve responder 5 perguntas no total erra todas as perguntas",
              "timedOut": null,
              "duration": 4624,
              "state": "failed",
              "speed": null,
              "pass": false,
              "fail": true,
              "pending": false,
              "context": null,
              "code": "var before = JSON.parse(localStorage.getItem(LOCAL_STORAGE_STATE_KEY));\ncy.get(WRONG_ALTERNATIVES_SELECTOR).first().click();\ncy.get(BUTTON_NEXT_QUESTION_SELECTOR).click();\ncy.get(WRONG_ALTERNATIVES_SELECTOR).first().click();\ncy.get(BUTTON_NEXT_QUESTION_SELECTOR).click();\ncy.get(WRONG_ALTERNATIVES_SELECTOR).first().click();\ncy.get(BUTTON_NEXT_QUESTION_SELECTOR).click();\ncy.get(WRONG_ALTERNATIVES_SELECTOR).first().click();\ncy.get(BUTTON_NEXT_QUESTION_SELECTOR).click();\ncy.get(WRONG_ALTERNATIVES_SELECTOR).first().click().then(function () {\n  var after = JSON.parse(localStorage.getItem(LOCAL_STORAGE_STATE_KEY));\n  expect(before.player.score).to.be.eq(after.player.score);\n});",
              "err": {
                "message": "TypeError: Cannot read property 'player' of null",
                "estack": "TypeError: Cannot read property 'player' of null\n    at Context.<anonymous> (http://localhost:3000/__cypress/tests?p=cypress/integration/project.spec.js-556:206:21)",
                "diff": null
              },
              "uuid": "2106ec79-fe47-429a-9272-d695a9c51807",
              "parentUUID": "d7675d34-74c2-4f61-a26f-54df63cfb489",
              "isHook": false,
              "skipped": false
            },
            {
              "title": "redireciona para a tela de _feedback_ após a quinta pergunta",
              "fullTitle": "A pessoa que joga deve responder 5 perguntas no total redireciona para a tela de _feedback_ após a quinta pergunta",
              "timedOut": null,
              "duration": 4880,
              "state": "passed",
              "speed": "slow",
              "pass": true,
              "fail": false,
              "pending": false,
              "context": null,
              "code": "cy.get(CORRECT_ALTERNATIVE_SELECTOR).click();\ncy.get(BUTTON_NEXT_QUESTION_SELECTOR).click();\ncy.get(CORRECT_ALTERNATIVE_SELECTOR).click();\ncy.get(BUTTON_NEXT_QUESTION_SELECTOR).click();\ncy.get(CORRECT_ALTERNATIVE_SELECTOR).click();\ncy.get(BUTTON_NEXT_QUESTION_SELECTOR).click();\ncy.get(CORRECT_ALTERNATIVE_SELECTOR).click();\ncy.get(BUTTON_NEXT_QUESTION_SELECTOR).click();\ncy.get(CORRECT_ALTERNATIVE_SELECTOR).click();\ncy.get(BUTTON_NEXT_QUESTION_SELECTOR).click();\ncy.get(FEEDBACK_TEXT_SELECTOR).should('exist');",
              "err": {},
              "uuid": "f47c57fd-e4ec-42db-8277-e2315a312a81",
              "parentUUID": "d7675d34-74c2-4f61-a26f-54df63cfb489",
              "isHook": false,
              "skipped": false
            }
          ],
          "suites": [],
          "passes": [
            "f47c57fd-e4ec-42db-8277-e2315a312a81"
          ],
          "failures": [
            "9c438958-2392-420a-aede-19eec2c5285b",
            "2106ec79-fe47-429a-9272-d695a9c51807"
          ],
          "pending": [],
          "skipped": [],
          "duration": 13523,
          "root": false,
          "rootEmpty": false,
          "_timeout": 2000
        },
        {
          "uuid": "b73f73b8-9eb5-4aac-8c7b-4344125c7c80",
          "title": "A pessoa que joga deve preencher as informações para iniciar um jogo",
          "fullFile": "",
          "file": "",
          "beforeHooks": [],
          "afterHooks": [],
          "tests": [
            {
              "title": "escreve o nome da pessoa jogadora",
              "fullTitle": "A pessoa que joga deve preencher as informações para iniciar um jogo escreve o nome da pessoa jogadora",
              "timedOut": null,
              "duration": 895,
              "state": "passed",
              "speed": "slow",
              "pass": true,
              "fail": false,
              "pending": false,
              "context": null,
              "code": "cy.get(INPUT_PLAYER_NAME_SELECTOR).type('Nome da pessoa');",
              "err": {},
              "uuid": "e66f54f2-536e-46b7-b3ec-b32761b97144",
              "parentUUID": "b73f73b8-9eb5-4aac-8c7b-4344125c7c80",
              "isHook": false,
              "skipped": false
            },
            {
              "title": "escreve o email da pessoa jogadora",
              "fullTitle": "A pessoa que joga deve preencher as informações para iniciar um jogo escreve o email da pessoa jogadora",
              "timedOut": null,
              "duration": 769,
              "state": "passed",
              "speed": "slow",
              "pass": true,
              "fail": false,
              "pending": false,
              "context": null,
              "code": "cy.get(INPUT_PLAYER_EMAIL_SELECTOR).type('email@pessoa.com');",
              "err": {},
              "uuid": "598614f2-d2a6-4d58-aae1-1cbb85b07a82",
              "parentUUID": "b73f73b8-9eb5-4aac-8c7b-4344125c7c80",
              "isHook": false,
              "skipped": false
            },
            {
              "title": "botão Jogar desabilitado quando pessoa jogadora não preencher nenhum campo",
              "fullTitle": "A pessoa que joga deve preencher as informações para iniciar um jogo botão Jogar desabilitado quando pessoa jogadora não preencher nenhum campo",
              "timedOut": null,
              "duration": 489,
              "state": "passed",
              "speed": "slow",
              "pass": true,
              "fail": false,
              "pending": false,
              "context": null,
              "code": "cy.get(BUTTON_PLAY_SELECTOR).should('be.disabled');",
              "err": {},
              "uuid": "f200bcda-d916-4568-a3ef-89d32203295c",
              "parentUUID": "b73f73b8-9eb5-4aac-8c7b-4344125c7c80",
              "isHook": false,
              "skipped": false
            },
            {
              "title": "botão Jogar desabilitado quando pessoa jogadora escrever apenas o nome",
              "fullTitle": "A pessoa que joga deve preencher as informações para iniciar um jogo botão Jogar desabilitado quando pessoa jogadora escrever apenas o nome",
              "timedOut": null,
              "duration": 805,
              "state": "passed",
              "speed": "slow",
              "pass": true,
              "fail": false,
              "pending": false,
              "context": null,
              "code": "cy.get(INPUT_PLAYER_NAME_SELECTOR).type('Nome da pessoa');\ncy.get(BUTTON_PLAY_SELECTOR).should('be.disabled');",
              "err": {},
              "uuid": "4053ad10-0be7-4727-a0d9-2e5e04e5f62e",
              "parentUUID": "b73f73b8-9eb5-4aac-8c7b-4344125c7c80",
              "isHook": false,
              "skipped": false
            },
            {
              "title": "botão Jogar desabilitado quando pessoa jogadora escrever apenas o email",
              "fullTitle": "A pessoa que joga deve preencher as informações para iniciar um jogo botão Jogar desabilitado quando pessoa jogadora escrever apenas o email",
              "timedOut": null,
              "duration": 825,
              "state": "passed",
              "speed": "slow",
              "pass": true,
              "fail": false,
              "pending": false,
              "context": null,
              "code": "cy.get(INPUT_PLAYER_EMAIL_SELECTOR).type('email@pessoa.com');\ncy.get(BUTTON_PLAY_SELECTOR).should('be.disabled');",
              "err": {},
              "uuid": "fc83a3c4-7375-4ca8-9e71-a75eae6683a5",
              "parentUUID": "b73f73b8-9eb5-4aac-8c7b-4344125c7c80",
              "isHook": false,
              "skipped": false
            },
            {
              "title": "botão Jogar habilitado quando pessoa jogadora preencher os campos de nome e email",
              "fullTitle": "A pessoa que joga deve preencher as informações para iniciar um jogo botão Jogar habilitado quando pessoa jogadora preencher os campos de nome e email",
              "timedOut": null,
              "duration": 1260,
              "state": "passed",
              "speed": "slow",
              "pass": true,
              "fail": false,
              "pending": false,
              "context": null,
              "code": "cy.get(INPUT_PLAYER_NAME_SELECTOR).type('Nome da pessoa');\ncy.get(INPUT_PLAYER_EMAIL_SELECTOR).type('email@pessoa.com');\ncy.get(BUTTON_PLAY_SELECTOR).should('not.be.disabled');",
              "err": {},
              "uuid": "d57313ce-d1ab-48d0-8983-b546973ada86",
              "parentUUID": "b73f73b8-9eb5-4aac-8c7b-4344125c7c80",
              "isHook": false,
              "skipped": false
            }
          ],
          "suites": [],
          "passes": [
            "e66f54f2-536e-46b7-b3ec-b32761b97144",
            "598614f2-d2a6-4d58-aae1-1cbb85b07a82",
            "f200bcda-d916-4568-a3ef-89d32203295c",
            "4053ad10-0be7-4727-a0d9-2e5e04e5f62e",
            "fc83a3c4-7375-4ca8-9e71-a75eae6683a5",
            "d57313ce-d1ab-48d0-8983-b546973ada86"
          ],
          "failures": [],
          "pending": [],
          "skipped": [],
          "duration": 5043,
          "root": false,
          "rootEmpty": false,
          "_timeout": 2000
        },
        {
          "uuid": "a52d1e4f-3766-4b17-9cf4-d81e48208dbe",
          "title": "A pessoa que joga deve ter acesso à tela de configurações através da tela inicial",
          "fullFile": "",
          "file": "",
          "beforeHooks": [],
          "afterHooks": [],
          "tests": [
            {
              "title": "o botão deve existir na página",
              "fullTitle": "A pessoa que joga deve ter acesso à tela de configurações através da tela inicial o botão deve existir na página",
              "timedOut": null,
              "duration": 470,
              "state": "passed",
              "speed": "slow",
              "pass": true,
              "fail": false,
              "pending": false,
              "context": null,
              "code": "cy.get(BUTTON_SETTINGS_SELECTOR).should('exist');",
              "err": {},
              "uuid": "4e8d2ef7-11ba-4c8a-8238-c1abe3e3acaf",
              "parentUUID": "a52d1e4f-3766-4b17-9cf4-d81e48208dbe",
              "isHook": false,
              "skipped": false
            },
            {
              "title": "a tela de configurações deve possuir um título",
              "fullTitle": "A pessoa que joga deve ter acesso à tela de configurações através da tela inicial a tela de configurações deve possuir um título",
              "timedOut": null,
              "duration": 509,
              "state": "passed",
              "speed": "slow",
              "pass": true,
              "fail": false,
              "pending": false,
              "context": null,
              "code": "cy.get(BUTTON_SETTINGS_SELECTOR).click();\ncy.get(SETTINGS_TITLE_SELECTOR).should('exist');",
              "err": {},
              "uuid": "309c11de-78c5-42e8-85d9-f92d67b43ba5",
              "parentUUID": "a52d1e4f-3766-4b17-9cf4-d81e48208dbe",
              "isHook": false,
              "skipped": false
            }
          ],
          "suites": [],
          "passes": [
            "4e8d2ef7-11ba-4c8a-8238-c1abe3e3acaf",
            "309c11de-78c5-42e8-85d9-f92d67b43ba5"
          ],
          "failures": [],
          "pending": [],
          "skipped": [],
          "duration": 979,
          "root": false,
          "rootEmpty": false,
          "_timeout": 2000
        },
        {
          "uuid": "68b877e8-65d1-4b0e-980e-cea4bb59f3d0",
          "title": "A pessoa jogadora deve iniciar um jogo",
          "fullFile": "",
          "file": "",
          "beforeHooks": [],
          "afterHooks": [],
          "tests": [
            {
              "title": "inicia jogo salvando um token de jogador",
              "fullTitle": "A pessoa jogadora deve iniciar um jogo inicia jogo salvando um token de jogador",
              "timedOut": null,
              "duration": 1567,
              "state": "passed",
              "speed": "slow",
              "pass": true,
              "fail": false,
              "pending": false,
              "context": null,
              "code": "cy.get(INPUT_PLAYER_NAME_SELECTOR).type('Nome da pessoa');\ncy.get(INPUT_PLAYER_EMAIL_SELECTOR).type('email@pessoa.com');\ncy.get(BUTTON_PLAY_SELECTOR).click().should(function () {\n  expect(localStorage.getItem(TOKEN_KEY)).not.to.be.null;\n});",
              "err": {},
              "uuid": "2aee9668-0505-4aa4-b565-4773f3bb7f27",
              "parentUUID": "68b877e8-65d1-4b0e-980e-cea4bb59f3d0",
              "isHook": false,
              "skipped": false
            }
          ],
          "suites": [],
          "passes": [
            "2aee9668-0505-4aa4-b565-4773f3bb7f27"
          ],
          "failures": [],
          "pending": [],
          "skipped": [],
          "duration": 1567,
          "root": false,
          "rootEmpty": false,
          "_timeout": 2000
        },
        {
          "uuid": "c671d753-534e-4352-b503-5d923063b979",
          "title": "Deve existir um botão para ir ao início",
          "fullFile": "",
          "file": "",
          "beforeHooks": [],
          "afterHooks": [],
          "tests": [
            {
              "title": "volta para a tela inicial",
              "fullTitle": "Deve existir um botão para ir ao início volta para a tela inicial",
              "timedOut": null,
              "duration": 5625,
              "state": "passed",
              "speed": "slow",
              "pass": true,
              "fail": false,
              "pending": false,
              "context": null,
              "code": "cy.visit('http://localhost:3000/');\ncy.clearLocalStorage();\ncy.get(INPUT_PLAYER_NAME_SELECTOR).type(name1);\ncy.get(INPUT_PLAYER_EMAIL_SELECTOR).type(email1);\ncy.get(BUTTON_PLAY_SELECTOR).click();\ncy.get(CORRECT_ALTERNATIVE_SELECTOR).click();\ncy.get(BUTTON_NEXT_QUESTION_SELECTOR).click();\ncy.get(CORRECT_ALTERNATIVE_SELECTOR).click();\ncy.get(BUTTON_NEXT_QUESTION_SELECTOR).click();\ncy.get(CORRECT_ALTERNATIVE_SELECTOR).click();\ncy.get(BUTTON_NEXT_QUESTION_SELECTOR).click();\ncy.get(CORRECT_ALTERNATIVE_SELECTOR).click();\ncy.get(BUTTON_NEXT_QUESTION_SELECTOR).click();\ncy.get(CORRECT_ALTERNATIVE_SELECTOR).click();\ncy.get(BUTTON_NEXT_QUESTION_SELECTOR).click();\ncy.get(BUTTON_RANKING_SELECTOR).click();\ncy.get(BUTTON_GO_HOME_SELECTOR).click();\ncy.get(INPUT_PLAYER_EMAIL_SELECTOR).should('exist');",
              "err": {},
              "uuid": "b4452ef0-09ab-4732-a144-0aa22e74dbcf",
              "parentUUID": "c671d753-534e-4352-b503-5d923063b979",
              "isHook": false,
              "skipped": false
            }
          ],
          "suites": [],
          "passes": [
            "b4452ef0-09ab-4732-a144-0aa22e74dbcf"
          ],
          "failures": [],
          "pending": [],
          "skipped": [],
          "duration": 5625,
          "root": false,
          "rootEmpty": false,
          "_timeout": 2000
        },
        {
          "uuid": "24a5e184-3340-4540-a2db-d5a5f0d19049",
          "title": "Apresentação do _ranking_",
          "fullFile": "",
          "file": "",
          "beforeHooks": [],
          "afterHooks": [],
          "tests": [
            {
              "title": "deve existir uma pessoa no _ranking_",
              "fullTitle": "Apresentação do _ranking_ deve existir uma pessoa no _ranking_",
              "timedOut": null,
              "duration": 5014,
              "state": "passed",
              "speed": "slow",
              "pass": true,
              "fail": false,
              "pending": false,
              "context": null,
              "code": "cy.get(RANKING_PLAYERS_NAME_SELECTOR).should(function ($el) {\n  expect($el).to.have.lengthOf(1);\n});",
              "err": {},
              "uuid": "1e03ce02-0c2b-4dcc-b4fd-282bb13fcc01",
              "parentUUID": "24a5e184-3340-4540-a2db-d5a5f0d19049",
              "isHook": false,
              "skipped": false
            },
            {
              "title": "devem existir duas pessoas no _ranking",
              "fullTitle": "Apresentação do _ranking_ devem existir duas pessoas no _ranking",
              "timedOut": null,
              "duration": 11250,
              "state": "passed",
              "speed": "slow",
              "pass": true,
              "fail": false,
              "pending": false,
              "context": null,
              "code": "cy.get(BUTTON_GO_HOME_SELECTOR).click();\ncy.get(INPUT_PLAYER_NAME_SELECTOR).clear();\ncy.get(INPUT_PLAYER_EMAIL_SELECTOR).clear();\ncy.get(INPUT_PLAYER_NAME_SELECTOR).type(name2);\ncy.get(INPUT_PLAYER_EMAIL_SELECTOR).type(email2);\ncy.get(BUTTON_PLAY_SELECTOR).click();\ncy.get(CORRECT_ALTERNATIVE_SELECTOR).click();\ncy.get(BUTTON_NEXT_QUESTION_SELECTOR).click();\ncy.get(CORRECT_ALTERNATIVE_SELECTOR).click();\ncy.get(BUTTON_NEXT_QUESTION_SELECTOR).click();\ncy.get(CORRECT_ALTERNATIVE_SELECTOR).click();\ncy.get(BUTTON_NEXT_QUESTION_SELECTOR).click();\ncy.get(CORRECT_ALTERNATIVE_SELECTOR).click();\ncy.get(BUTTON_NEXT_QUESTION_SELECTOR).click();\ncy.get(CORRECT_ALTERNATIVE_SELECTOR).click();\ncy.get(BUTTON_NEXT_QUESTION_SELECTOR).click();\ncy.get(BUTTON_RANKING_SELECTOR).click();\ncy.get(RANKING_PLAYERS_NAME_SELECTOR).should(function ($el) {\n  expect($el).to.have.lengthOf(2);\n});",
              "err": {},
              "uuid": "df1146b5-a26e-4d98-a356-bd6a7849d07e",
              "parentUUID": "24a5e184-3340-4540-a2db-d5a5f0d19049",
              "isHook": false,
              "skipped": false
            },
            {
              "title": "o _ranking_ deve ser ordenado pela pontuação",
              "fullTitle": "Apresentação do _ranking_ o _ranking_ deve ser ordenado pela pontuação",
              "timedOut": null,
              "duration": 18502,
              "state": "failed",
              "speed": null,
              "pass": false,
              "fail": true,
              "pending": false,
              "context": null,
              "code": "cy.get(BUTTON_GO_HOME_SELECTOR).click();\ncy.get(INPUT_PLAYER_NAME_SELECTOR).clear();\ncy.get(INPUT_PLAYER_EMAIL_SELECTOR).clear();\ncy.get(INPUT_PLAYER_NAME_SELECTOR).type(name2);\ncy.get(INPUT_PLAYER_EMAIL_SELECTOR).type(email2);\ncy.get(BUTTON_PLAY_SELECTOR).click();\ncy.get(WRONG_ALTERNATIVES_SELECTOR).first().click();\ncy.get(BUTTON_NEXT_QUESTION_SELECTOR).click();\ncy.get(WRONG_ALTERNATIVES_SELECTOR).first().click();\ncy.get(BUTTON_NEXT_QUESTION_SELECTOR).click();\ncy.get(WRONG_ALTERNATIVES_SELECTOR).first().click();\ncy.get(BUTTON_NEXT_QUESTION_SELECTOR).click();\ncy.get(WRONG_ALTERNATIVES_SELECTOR).first().click();\ncy.get(BUTTON_NEXT_QUESTION_SELECTOR).click();\ncy.get(WRONG_ALTERNATIVES_SELECTOR).first().click();\ncy.get(BUTTON_NEXT_QUESTION_SELECTOR).click();\ncy.get(BUTTON_RANKING_SELECTOR).click();\ncy.get(BUTTON_GO_HOME_SELECTOR).click();\ncy.get(INPUT_PLAYER_NAME_SELECTOR).clear();\ncy.get(INPUT_PLAYER_EMAIL_SELECTOR).clear();\ncy.get(INPUT_PLAYER_NAME_SELECTOR).type(name3);\ncy.get(INPUT_PLAYER_EMAIL_SELECTOR).type(email3);\ncy.get(BUTTON_PLAY_SELECTOR).click();\ncy.get(CORRECT_ALTERNATIVE_SELECTOR).click();\ncy.get(BUTTON_NEXT_QUESTION_SELECTOR).click();\ncy.get(WRONG_ALTERNATIVES_SELECTOR).first().click();\ncy.get(BUTTON_NEXT_QUESTION_SELECTOR).click();\ncy.get(WRONG_ALTERNATIVES_SELECTOR).first().click();\ncy.get(BUTTON_NEXT_QUESTION_SELECTOR).click();\ncy.get(WRONG_ALTERNATIVES_SELECTOR).first().click();\ncy.get(BUTTON_NEXT_QUESTION_SELECTOR).click();\ncy.get(WRONG_ALTERNATIVES_SELECTOR).first().click();\ncy.get(BUTTON_NEXT_QUESTION_SELECTOR).click();\ncy.get(BUTTON_RANKING_SELECTOR).click();\nvar ranking = [name1, name3, name2];\ncy.get(RANKING_PLAYERS_NAME_SELECTOR).should(function ($el) {\n  expect($el).to.have.lengthOf(3);\n});\ncy.get(RANKING_PLAYERS_NAME_SELECTOR).each(function ($el, $index) {\n  expect($el.text()).to.be.eq(ranking[$index]);\n});",
              "err": {
                "message": "AssertionError: expected 'Mais uma pessoa - ' to equal 'Nome da pessoa'",
                "estack": "AssertionError: expected 'Mais uma pessoa - ' to equal 'Nome da pessoa'\n    at callback (http://localhost:3000/__cypress/runner/cypress_runner.js:69636:20)\n    at getRet (http://localhost:3000/__cypress/runner/cypress_runner.js:69279:16)\n    at tryCatcher (http://localhost:3000/__cypress/runner/cypress_runner.js:120669:23)\n    at Function.Promise.attempt.Promise.try (http://localhost:3000/__cypress/runner/cypress_runner.js:117944:29)\n    at thenFn (http://localhost:3000/__cypress/runner/cypress_runner.js:69293:23)\n    at yieldItem (http://localhost:3000/__cypress/runner/cypress_runner.js:69643:16)\n    at tryCatcher (http://localhost:3000/__cypress/runner/cypress_runner.js:120669:23)\n    at Object.gotValue (http://localhost:3000/__cypress/runner/cypress_runner.js:119811:18)\n    at Object.gotAccum (http://localhost:3000/__cypress/runner/cypress_runner.js:119800:25)\n    at Object.tryCatcher (http://localhost:3000/__cypress/runner/cypress_runner.js:120669:23)\n    at Promise._settlePromiseFromHandler (http://localhost:3000/__cypress/runner/cypress_runner.js:118605:31)\n    at Promise._settlePromise (http://localhost:3000/__cypress/runner/cypress_runner.js:118662:18)\n    at Promise._settlePromiseCtx (http://localhost:3000/__cypress/runner/cypress_runner.js:118699:10)\n    at Async../node_modules/bluebird/js/release/async.js.Async._drainQueue (http://localhost:3000/__cypress/runner/cypress_runner.js:115399:12)\n    at Async../node_modules/bluebird/js/release/async.js.Async._drainQueues (http://localhost:3000/__cypress/runner/cypress_runner.js:115404:10)\n    at Async.drainQueues (http://localhost:3000/__cypress/runner/cypress_runner.js:115278:14)",
                "diff": "- Mais uma pessoa - \n+ Nome da pessoa\n"
              },
              "uuid": "22cbb327-c775-4407-b945-d8238ff2ee38",
              "parentUUID": "24a5e184-3340-4540-a2db-d5a5f0d19049",
              "isHook": false,
              "skipped": false
            }
          ],
          "suites": [],
          "passes": [
            "1e03ce02-0c2b-4dcc-b4fd-282bb13fcc01",
            "df1146b5-a26e-4d98-a356-bd6a7849d07e"
          ],
          "failures": [
            "22cbb327-c775-4407-b945-d8238ff2ee38"
          ],
          "pending": [],
          "skipped": [],
          "duration": 34766,
          "root": false,
          "rootEmpty": false,
          "_timeout": 2000
        },
        {
          "uuid": "5806f944-4395-496d-a482-b7dc8af7c3bd",
          "title": "O _header_ de _feedback_ deve conter as informações da pessoa jogadora",
          "fullFile": "",
          "file": "",
          "beforeHooks": [],
          "afterHooks": [],
          "tests": [
            {
              "title": "a imagem do Gravatar está presente no header",
              "fullTitle": "O _header_ de _feedback_ deve conter as informações da pessoa jogadora a imagem do Gravatar está presente no header",
              "timedOut": null,
              "duration": 6033,
              "state": "passed",
              "speed": "slow",
              "pass": true,
              "fail": false,
              "pending": false,
              "context": null,
              "code": "cy.get(HEADER_IMAGE_SELECTOR).should('exist');",
              "err": {},
              "uuid": "d21114e4-2e75-4508-85a0-4bca2da6a48f",
              "parentUUID": "5806f944-4395-496d-a482-b7dc8af7c3bd",
              "isHook": false,
              "skipped": false
            },
            {
              "title": "o nome da pessoa está presente no header",
              "fullTitle": "O _header_ de _feedback_ deve conter as informações da pessoa jogadora o nome da pessoa está presente no header",
              "timedOut": null,
              "duration": 5715,
              "state": "passed",
              "speed": "slow",
              "pass": true,
              "fail": false,
              "pending": false,
              "context": null,
              "code": "cy.get(HEADER_NAME_SELECTOR).contains(name);",
              "err": {},
              "uuid": "cf193644-b01c-442c-933c-5fafa35e3ceb",
              "parentUUID": "5806f944-4395-496d-a482-b7dc8af7c3bd",
              "isHook": false,
              "skipped": false
            },
            {
              "title": "o placar com o valor atual está presente no header",
              "fullTitle": "O _header_ de _feedback_ deve conter as informações da pessoa jogadora o placar com o valor atual está presente no header",
              "timedOut": null,
              "duration": 6642,
              "state": "passed",
              "speed": "slow",
              "pass": true,
              "fail": false,
              "pending": false,
              "context": null,
              "code": "cy.get(HEADER_SCORE_SELECTOR).should(function ($el) {\n  var state = JSON.parse(localStorage.getItem(LOCAL_STORAGE_STATE_KEY));\n  expect(parseInt($el.text())).to.be.eq(state.player.score);\n});",
              "err": {},
              "uuid": "61da622e-814c-4efc-8d06-9346cdbd1a1d",
              "parentUUID": "5806f944-4395-496d-a482-b7dc8af7c3bd",
              "isHook": false,
              "skipped": false
            }
          ],
          "suites": [],
          "passes": [
            "d21114e4-2e75-4508-85a0-4bca2da6a48f",
            "cf193644-b01c-442c-933c-5fafa35e3ceb",
            "61da622e-814c-4efc-8d06-9346cdbd1a1d"
          ],
          "failures": [],
          "pending": [],
          "skipped": [],
          "duration": 18390,
          "root": false,
          "rootEmpty": false,
          "_timeout": 2000
        },
        {
          "uuid": "eeefe199-bba4-480f-b982-cdd1ce9902e0",
          "title": "A pessoa deve ver a mensagem de _feedback_",
          "fullFile": "",
          "file": "",
          "beforeHooks": [],
          "afterHooks": [],
          "tests": [
            {
              "title": "acertou menos de 3 perguntas",
              "fullTitle": "A pessoa deve ver a mensagem de _feedback_ acertou menos de 3 perguntas",
              "timedOut": null,
              "duration": 5890,
              "state": "passed",
              "speed": "slow",
              "pass": true,
              "fail": false,
              "pending": false,
              "context": null,
              "code": "cy.get(CORRECT_ALTERNATIVE_SELECTOR).click();\ncy.get(BUTTON_NEXT_QUESTION_SELECTOR).click();\ncy.get(CORRECT_ALTERNATIVE_SELECTOR).click();\ncy.get(BUTTON_NEXT_QUESTION_SELECTOR).click();\ncy.get(WRONG_ALTERNATIVES_SELECTOR).first().click();\ncy.get(BUTTON_NEXT_QUESTION_SELECTOR).click();\ncy.get(WRONG_ALTERNATIVES_SELECTOR).first().click();\ncy.get(BUTTON_NEXT_QUESTION_SELECTOR).click();\ncy.get(WRONG_ALTERNATIVES_SELECTOR).first().click();\ncy.get(BUTTON_NEXT_QUESTION_SELECTOR).click();\ncy.get(FEEDBACK_TEXT_SELECTOR).contains('Podia ser melhor...');",
              "err": {},
              "uuid": "2f33d7e2-b9d9-43fe-8ec7-acd306a9382b",
              "parentUUID": "eeefe199-bba4-480f-b982-cdd1ce9902e0",
              "isHook": false,
              "skipped": false
            },
            {
              "title": "acertou 3 perguntas",
              "fullTitle": "A pessoa deve ver a mensagem de _feedback_ acertou 3 perguntas",
              "timedOut": null,
              "duration": 6274,
              "state": "passed",
              "speed": "slow",
              "pass": true,
              "fail": false,
              "pending": false,
              "context": null,
              "code": "cy.get(WRONG_ALTERNATIVES_SELECTOR).first().click();\ncy.get(BUTTON_NEXT_QUESTION_SELECTOR).click();\ncy.get(CORRECT_ALTERNATIVE_SELECTOR).click();\ncy.get(BUTTON_NEXT_QUESTION_SELECTOR).click();\ncy.get(WRONG_ALTERNATIVES_SELECTOR).first().click();\ncy.get(BUTTON_NEXT_QUESTION_SELECTOR).click();\ncy.get(CORRECT_ALTERNATIVE_SELECTOR).first().click();\ncy.get(BUTTON_NEXT_QUESTION_SELECTOR).click();\ncy.get(CORRECT_ALTERNATIVE_SELECTOR).click();\ncy.get(BUTTON_NEXT_QUESTION_SELECTOR).click();\ncy.get(FEEDBACK_TEXT_SELECTOR).contains('Mandou bem!');",
              "err": {},
              "uuid": "139a562f-a421-47e8-a2c8-7e33bffcf012",
              "parentUUID": "eeefe199-bba4-480f-b982-cdd1ce9902e0",
              "isHook": false,
              "skipped": false
            },
            {
              "title": "acertou mais de 3 perguntas",
              "fullTitle": "A pessoa deve ver a mensagem de _feedback_ acertou mais de 3 perguntas",
              "timedOut": null,
              "duration": 6321,
              "state": "passed",
              "speed": "slow",
              "pass": true,
              "fail": false,
              "pending": false,
              "context": null,
              "code": "cy.get(CORRECT_ALTERNATIVE_SELECTOR).click();\ncy.get(BUTTON_NEXT_QUESTION_SELECTOR).click();\ncy.get(CORRECT_ALTERNATIVE_SELECTOR).click();\ncy.get(BUTTON_NEXT_QUESTION_SELECTOR).click();\ncy.get(WRONG_ALTERNATIVES_SELECTOR).first().click();\ncy.get(BUTTON_NEXT_QUESTION_SELECTOR).click();\ncy.get(CORRECT_ALTERNATIVE_SELECTOR).click();\ncy.get(BUTTON_NEXT_QUESTION_SELECTOR).click();\ncy.get(CORRECT_ALTERNATIVE_SELECTOR).click();\ncy.get(BUTTON_NEXT_QUESTION_SELECTOR).click();\ncy.get(FEEDBACK_TEXT_SELECTOR).contains('Mandou bem!');",
              "err": {},
              "uuid": "43859b28-7472-41c9-a168-6ed67f85bd38",
              "parentUUID": "eeefe199-bba4-480f-b982-cdd1ce9902e0",
              "isHook": false,
              "skipped": false
            }
          ],
          "suites": [],
          "passes": [
            "2f33d7e2-b9d9-43fe-8ec7-acd306a9382b",
            "139a562f-a421-47e8-a2c8-7e33bffcf012",
            "43859b28-7472-41c9-a168-6ed67f85bd38"
          ],
          "failures": [],
          "pending": [],
          "skipped": [],
          "duration": 18485,
          "root": false,
          "rootEmpty": false,
          "_timeout": 2000
        },
        {
          "uuid": "62cc2954-f00a-43ac-8645-485ac62674e2",
          "title": "A pessoa jogadora deve ver as informações relacionadas aos resultados obtidos",
          "fullFile": "",
          "file": "",
          "beforeHooks": [],
          "afterHooks": [],
          "tests": [
            {
              "title": "não acertou nenhuma pergunta",
              "fullTitle": "A pessoa jogadora deve ver as informações relacionadas aos resultados obtidos não acertou nenhuma pergunta",
              "timedOut": null,
              "duration": 6520,
              "state": "passed",
              "speed": "slow",
              "pass": true,
              "fail": false,
              "pending": false,
              "context": null,
              "code": "cy.get(WRONG_ALTERNATIVES_SELECTOR).first().click();\ncy.get(BUTTON_NEXT_QUESTION_SELECTOR).click();\ncy.get(WRONG_ALTERNATIVES_SELECTOR).first().click();\ncy.get(BUTTON_NEXT_QUESTION_SELECTOR).click();\ncy.get(WRONG_ALTERNATIVES_SELECTOR).first().click();\ncy.get(BUTTON_NEXT_QUESTION_SELECTOR).click();\ncy.get(WRONG_ALTERNATIVES_SELECTOR).first().click();\ncy.get(BUTTON_NEXT_QUESTION_SELECTOR).click();\ncy.get(WRONG_ALTERNATIVES_SELECTOR).first().click();\ncy.get(BUTTON_NEXT_QUESTION_SELECTOR).click();\ncy.get(FEEDBACK_TOTAL_SCORE_SELECTOR).should(function ($el) {\n  var state = JSON.parse(localStorage.getItem(LOCAL_STORAGE_STATE_KEY));\n  expect(parseInt($el.text())).to.be.eq(state.player.score);\n});\ncy.get(FEEDBACK_TOTAL_QUESTION_SELECTOR).should(function ($el) {\n  var state = JSON.parse(localStorage.getItem(LOCAL_STORAGE_STATE_KEY));\n  expect(parseInt($el.text())).to.be.eq(state.player.assertions);\n});",
              "err": {},
              "uuid": "ad317841-013f-4af2-b228-dae90b1eaeec",
              "parentUUID": "62cc2954-f00a-43ac-8645-485ac62674e2",
              "isHook": false,
              "skipped": false
            },
            {
              "title": "acertou 2 perguntas",
              "fullTitle": "A pessoa jogadora deve ver as informações relacionadas aos resultados obtidos acertou 2 perguntas",
              "timedOut": null,
              "duration": 7489,
              "state": "passed",
              "speed": "slow",
              "pass": true,
              "fail": false,
              "pending": false,
              "context": null,
              "code": "cy.get(CORRECT_ALTERNATIVE_SELECTOR).click();\ncy.get(BUTTON_NEXT_QUESTION_SELECTOR).click();\ncy.get(CORRECT_ALTERNATIVE_SELECTOR).click();\ncy.get(BUTTON_NEXT_QUESTION_SELECTOR).click();\ncy.get(WRONG_ALTERNATIVES_SELECTOR).first().click();\ncy.get(BUTTON_NEXT_QUESTION_SELECTOR).click();\ncy.get(WRONG_ALTERNATIVES_SELECTOR).first().click();\ncy.get(BUTTON_NEXT_QUESTION_SELECTOR).click();\ncy.get(WRONG_ALTERNATIVES_SELECTOR).first().click();\ncy.get(BUTTON_NEXT_QUESTION_SELECTOR).click();\ncy.get(FEEDBACK_TOTAL_SCORE_SELECTOR).should(function ($el) {\n  var state = JSON.parse(localStorage.getItem(LOCAL_STORAGE_STATE_KEY));\n  expect(parseInt($el.text())).to.be.eq(state.player.score);\n});\ncy.get(FEEDBACK_TOTAL_QUESTION_SELECTOR).should(function ($el) {\n  var state = JSON.parse(localStorage.getItem(LOCAL_STORAGE_STATE_KEY));\n  expect(parseInt($el.text())).to.be.eq(state.player.assertions);\n});",
              "err": {},
              "uuid": "76e5bfb7-1a11-4432-a9f9-696d0b6d6e23",
              "parentUUID": "62cc2954-f00a-43ac-8645-485ac62674e2",
              "isHook": false,
              "skipped": false
            },
            {
              "title": "acertou 4 perguntas",
              "fullTitle": "A pessoa jogadora deve ver as informações relacionadas aos resultados obtidos acertou 4 perguntas",
              "timedOut": null,
              "duration": 11672,
              "state": "passed",
              "speed": "slow",
              "pass": true,
              "fail": false,
              "pending": false,
              "context": null,
              "code": "cy.get(CORRECT_ALTERNATIVE_SELECTOR).click();\ncy.get(BUTTON_NEXT_QUESTION_SELECTOR).click();\ncy.get(CORRECT_ALTERNATIVE_SELECTOR).click();\ncy.get(BUTTON_NEXT_QUESTION_SELECTOR).click();\ncy.get(CORRECT_ALTERNATIVE_SELECTOR).click();\ncy.get(BUTTON_NEXT_QUESTION_SELECTOR).click();\ncy.get(WRONG_ALTERNATIVES_SELECTOR).first().click();\ncy.get(BUTTON_NEXT_QUESTION_SELECTOR).click();\ncy.get(CORRECT_ALTERNATIVE_SELECTOR).click();\ncy.get(BUTTON_NEXT_QUESTION_SELECTOR).click();\ncy.get(FEEDBACK_TOTAL_SCORE_SELECTOR).should(function ($el) {\n  var state = JSON.parse(localStorage.getItem(LOCAL_STORAGE_STATE_KEY));\n  expect(parseInt($el.text())).to.be.eq(state.player.score);\n});\ncy.get(FEEDBACK_TOTAL_QUESTION_SELECTOR).should(function ($el) {\n  var state = JSON.parse(localStorage.getItem(LOCAL_STORAGE_STATE_KEY));\n  expect(parseInt($el.text())).to.be.eq(state.player.assertions);\n});",
              "err": {},
              "uuid": "6126d057-9890-438a-a055-196a215ea40b",
              "parentUUID": "62cc2954-f00a-43ac-8645-485ac62674e2",
              "isHook": false,
              "skipped": false
            }
          ],
          "suites": [],
          "passes": [
            "ad317841-013f-4af2-b228-dae90b1eaeec",
            "76e5bfb7-1a11-4432-a9f9-696d0b6d6e23",
            "6126d057-9890-438a-a055-196a215ea40b"
          ],
          "failures": [],
          "pending": [],
          "skipped": [],
          "duration": 25681,
          "root": false,
          "rootEmpty": false,
          "_timeout": 2000
        },
        {
          "uuid": "cf89f0a5-f229-4171-9ec0-c869740f84be",
          "title": "A pessoa jogadora tem a opção de jogar novamente",
          "fullFile": "",
          "file": "",
          "beforeHooks": [],
          "afterHooks": [],
          "tests": [
            {
              "title": "a pessoa deve ser redirecionada para tela inicial",
              "fullTitle": "A pessoa jogadora tem a opção de jogar novamente a pessoa deve ser redirecionada para tela inicial",
              "timedOut": null,
              "duration": 8735,
              "state": "passed",
              "speed": "slow",
              "pass": true,
              "fail": false,
              "pending": false,
              "context": null,
              "code": "cy.get(BUTTON_PLAY_AGAIN_SELECTOR).click();\ncy.get(INPUT_PLAYER_EMAIL_SELECTOR).should('exist');",
              "err": {},
              "uuid": "99e8a1ee-5480-4387-bbf0-107ff8f1a945",
              "parentUUID": "cf89f0a5-f229-4171-9ec0-c869740f84be",
              "isHook": false,
              "skipped": false
            }
          ],
          "suites": [],
          "passes": [
            "99e8a1ee-5480-4387-bbf0-107ff8f1a945"
          ],
          "failures": [],
          "pending": [],
          "skipped": [],
          "duration": 8735,
          "root": false,
          "rootEmpty": false,
          "_timeout": 2000
        },
        {
          "uuid": "ab8fd610-9841-47ed-aed2-731c35b1f3db",
          "title": "A pessoa jogadora tem a opção de visualizar a tela de _ranking_",
          "fullFile": "",
          "file": "",
          "beforeHooks": [],
          "afterHooks": [],
          "tests": [
            {
              "title": "a pessoa deve ser redirecionada para tela inicial",
              "fullTitle": "A pessoa jogadora tem a opção de visualizar a tela de _ranking_ a pessoa deve ser redirecionada para tela inicial",
              "timedOut": null,
              "duration": 8582,
              "state": "passed",
              "speed": "slow",
              "pass": true,
              "fail": false,
              "pending": false,
              "context": null,
              "code": "cy.get(BUTTON_RANKING_SELECTOR).click();\ncy.get(RANKING_TITLE_SELECTOR).should('exist');",
              "err": {},
              "uuid": "7024ea44-fb5c-4db7-ba7e-458d631872ca",
              "parentUUID": "ab8fd610-9841-47ed-aed2-731c35b1f3db",
              "isHook": false,
              "skipped": false
            }
          ],
          "suites": [],
          "passes": [
            "7024ea44-fb5c-4db7-ba7e-458d631872ca"
          ],
          "failures": [],
          "pending": [],
          "skipped": [],
          "duration": 8582,
          "root": false,
          "rootEmpty": false,
          "_timeout": 2000
        }
      ],
      "passes": [],
      "failures": [],
      "pending": [],
      "skipped": [],
      "duration": 0,
      "root": true,
      "rootEmpty": true,
      "_timeout": 2000
    }
  ],
  "meta": {
    "mocha": {
      "version": "7.2.0"
    },
    "mochawesome": {
      "options": {
        "quiet": false,
        "reportFilename": "mochawesome",
        "saveHtml": false,
        "saveJson": true,
        "consoleReporter": "spec",
        "useInlineDiffs": false,
        "code": true
      },
      "version": "6.1.1"
    },
    "marge": {
      "options": {
        "id": "default",
        "reportDir": "cypress/reports",
        "overwrite": true,
        "html": false,
        "json": true
      },
      "version": "5.1.0"
    }
  }
}